2016-04-26T10:19:05+00:00 DEBUG (7): Array
(
    [0] => us1.api.mailchimp.com
    [__pid] => 16213
)

2016-04-26T10:19:05+00:00 DEBUG (7): Array
(
    [__pid] => 16213
)

2016-04-26T10:19:05+00:00 DEBUG (7): Array
(
    [0] => getAccountDetails
    [__pid] => 16213
)

2016-04-26T10:19:05+00:00 DEBUG (7): Array
(
    [__pid] => 16213
)

2016-04-26T10:19:06+00:00 DEBUG (7): Array
(
    [0] => 
    [__pid] => 16213
)

2016-04-26T10:19:06+00:00 DEBUG (7): Array
(
    [0] => Error: You must specify a apikey value for the getAccountDetails method, code -90
    [__pid] => 16213
)

2016-04-26T10:19:06+00:00 DEBUG (7): Array
(
    [0] => us1.api.mailchimp.com
    [__pid] => 16213
)

2016-04-26T10:19:06+00:00 DEBUG (7): Array
(
    [__pid] => 16213
)

2016-04-26T10:19:06+00:00 DEBUG (7): Array
(
    [0] => lists
    [__pid] => 16213
)

2016-04-26T10:19:06+00:00 DEBUG (7): Array
(
    [0] => 
    [1] => 
    [2] => 25
    [__pid] => 16213
)

2016-04-26T10:19:06+00:00 DEBUG (7): Array
(
    [0] => 
    [__pid] => 16213
)

2016-04-26T10:19:06+00:00 DEBUG (7): Array
(
    [0] => Error: You must specify a apikey value for the lists method, code -90
    [__pid] => 16213
)

2016-04-26T10:19:06+00:00 DEBUG (7): Array
(
    [0] => us1.api.mailchimp.com
    [__pid] => 16213
)

2016-04-26T10:19:06+00:00 DEBUG (7): Array
(
    [__pid] => 16213
)

2016-04-26T10:19:06+00:00 DEBUG (7): Array
(
    [0] => listInterestGroupings
    [__pid] => 16213
)

2016-04-26T10:19:06+00:00 DEBUG (7): Array
(
    [0] => 
    [__pid] => 16213
)

2016-04-26T10:19:06+00:00 DEBUG (7): Array
(
    [0] => 
    [__pid] => 16213
)

2016-04-26T10:19:06+00:00 DEBUG (7): Array
(
    [0] => Error: You must specify a apikey value for the listInterestGroupings method, code -90
    [__pid] => 16213
)

2016-04-26T10:19:06+00:00 DEBUG (7): Array
(
    [0] => us1.api.mailchimp.com
    [__pid] => 16213
)

2016-04-26T10:19:06+00:00 DEBUG (7): Array
(
    [__pid] => 16213
)

2016-04-26T10:19:06+00:00 DEBUG (7): Array
(
    [0] => getAccountDetails
    [__pid] => 16213
)

2016-04-26T10:19:06+00:00 DEBUG (7): Array
(
    [__pid] => 16213
)

2016-04-26T10:19:06+00:00 DEBUG (7): Array
(
    [0] => 
    [__pid] => 16213
)

2016-04-26T10:19:06+00:00 DEBUG (7): Array
(
    [0] => Error: You must specify a apikey value for the getAccountDetails method, code -90
    [__pid] => 16213
)

2016-04-26T10:19:06+00:00 DEBUG (7): Array
(
    [0] => us1.api.mailchimp.com
    [__pid] => 16213
)

2016-04-26T10:19:06+00:00 DEBUG (7): Array
(
    [__pid] => 16213
)

2016-04-26T10:19:06+00:00 DEBUG (7): Array
(
    [0] => ping
    [__pid] => 16213
)

2016-04-26T10:19:06+00:00 DEBUG (7): Array
(
    [__pid] => 16213
)

2016-04-26T10:19:07+00:00 DEBUG (7): Array
(
    [0] => 
    [__pid] => 16213
)

2016-04-26T10:19:07+00:00 DEBUG (7): Array
(
    [0] => Error: You must specify a apikey value for the ping method, code -90
    [__pid] => 16213
)

2016-04-26T10:19:08+00:00 DEBUG (7): Array
(
    [0] => us1.api.mailchimp.com
    [__pid] => 16213
)

2016-04-26T10:19:08+00:00 DEBUG (7): Array
(
    [__pid] => 16213
)

2016-04-26T10:19:08+00:00 DEBUG (7): Array
(
    [0] => listInterestGroupings
    [__pid] => 16213
)

2016-04-26T10:19:08+00:00 DEBUG (7): Array
(
    [0] => 
    [__pid] => 16213
)

2016-04-26T10:19:08+00:00 DEBUG (7): Array
(
    [0] => 
    [__pid] => 16213
)

2016-04-26T10:19:08+00:00 DEBUG (7): Array
(
    [0] => Error: You must specify a apikey value for the listInterestGroupings method, code -90
    [__pid] => 16213
)

2016-04-26T10:20:42+00:00 DEBUG (7): Array
(
    [0] => us1.api.mailchimp.com
    [__pid] => 16181
)

2016-04-26T10:20:42+00:00 DEBUG (7): Array
(
    [__pid] => 16181
)

2016-04-26T10:20:42+00:00 DEBUG (7): Array
(
    [0] => getAccountDetails
    [__pid] => 16181
)

2016-04-26T10:20:42+00:00 DEBUG (7): Array
(
    [__pid] => 16181
)

2016-04-26T10:20:42+00:00 DEBUG (7): Array
(
    [0] => 
    [__pid] => 16181
)

2016-04-26T10:20:42+00:00 DEBUG (7): Array
(
    [0] => Error: You must specify a apikey value for the getAccountDetails method, code -90
    [__pid] => 16181
)

2016-04-26T10:20:42+00:00 DEBUG (7): Array
(
    [0] => us1.api.mailchimp.com
    [__pid] => 16181
)

2016-04-26T10:20:42+00:00 DEBUG (7): Array
(
    [__pid] => 16181
)

2016-04-26T10:20:42+00:00 DEBUG (7): Array
(
    [0] => lists
    [__pid] => 16181
)

2016-04-26T10:20:42+00:00 DEBUG (7): Array
(
    [0] => 
    [1] => 
    [2] => 25
    [__pid] => 16181
)

2016-04-26T10:20:42+00:00 DEBUG (7): Array
(
    [0] => 
    [__pid] => 16181
)

2016-04-26T10:20:42+00:00 DEBUG (7): Array
(
    [0] => Error: You must specify a apikey value for the lists method, code -90
    [__pid] => 16181
)

2016-04-26T10:20:42+00:00 DEBUG (7): Array
(
    [0] => us1.api.mailchimp.com
    [__pid] => 16181
)

2016-04-26T10:20:42+00:00 DEBUG (7): Array
(
    [__pid] => 16181
)

2016-04-26T10:20:42+00:00 DEBUG (7): Array
(
    [0] => listInterestGroupings
    [__pid] => 16181
)

2016-04-26T10:20:42+00:00 DEBUG (7): Array
(
    [0] => 
    [__pid] => 16181
)

2016-04-26T10:20:43+00:00 DEBUG (7): Array
(
    [0] => 
    [__pid] => 16181
)

2016-04-26T10:20:43+00:00 DEBUG (7): Array
(
    [0] => Error: You must specify a apikey value for the listInterestGroupings method, code -90
    [__pid] => 16181
)

2016-04-26T10:20:43+00:00 DEBUG (7): Array
(
    [0] => us1.api.mailchimp.com
    [__pid] => 16181
)

2016-04-26T10:20:43+00:00 DEBUG (7): Array
(
    [__pid] => 16181
)

2016-04-26T10:20:43+00:00 DEBUG (7): Array
(
    [0] => getAccountDetails
    [__pid] => 16181
)

2016-04-26T10:20:43+00:00 DEBUG (7): Array
(
    [__pid] => 16181
)

2016-04-26T10:20:43+00:00 DEBUG (7): Array
(
    [0] => 
    [__pid] => 16181
)

2016-04-26T10:20:43+00:00 DEBUG (7): Array
(
    [0] => Error: You must specify a apikey value for the getAccountDetails method, code -90
    [__pid] => 16181
)

2016-04-26T10:20:43+00:00 DEBUG (7): Array
(
    [0] => us1.api.mailchimp.com
    [__pid] => 16181
)

2016-04-26T10:20:43+00:00 DEBUG (7): Array
(
    [__pid] => 16181
)

2016-04-26T10:20:43+00:00 DEBUG (7): Array
(
    [0] => ping
    [__pid] => 16181
)

2016-04-26T10:20:43+00:00 DEBUG (7): Array
(
    [__pid] => 16181
)

2016-04-26T10:20:43+00:00 DEBUG (7): Array
(
    [0] => 
    [__pid] => 16181
)

2016-04-26T10:20:43+00:00 DEBUG (7): Array
(
    [0] => Error: You must specify a apikey value for the ping method, code -90
    [__pid] => 16181
)

2016-04-26T10:20:45+00:00 DEBUG (7): Array
(
    [0] => us1.api.mailchimp.com
    [__pid] => 16204
)

2016-04-26T10:20:45+00:00 DEBUG (7): Array
(
    [__pid] => 16204
)

2016-04-26T10:20:45+00:00 DEBUG (7): Array
(
    [0] => listInterestGroupings
    [__pid] => 16204
)

2016-04-26T10:20:45+00:00 DEBUG (7): Array
(
    [0] => 
    [__pid] => 16204
)

2016-04-26T10:20:45+00:00 DEBUG (7): Array
(
    [0] => 
    [__pid] => 16204
)

2016-04-26T10:20:45+00:00 DEBUG (7): Array
(
    [0] => Error: You must specify a apikey value for the listInterestGroupings method, code -90
    [__pid] => 16204
)

2016-04-26T10:21:29+00:00 DEBUG (7): Array
(
    [0] => us8.api.mailchimp.com
    [__pid] => 16211
)

2016-04-26T10:21:29+00:00 DEBUG (7): Array
(
    [0] => 0a761a2dacbdaf5b6f204faa52e8e43a-us8
    [__pid] => 16211
)

2016-04-26T10:21:29+00:00 DEBUG (7): Array
(
    [0] => ping
    [__pid] => 16211
)

2016-04-26T10:21:29+00:00 DEBUG (7): Array
(
    [__pid] => 16211
)

2016-04-26T10:21:29+00:00 DEBUG (7): Array
(
    [0] => Everything's Chimpy!
    [__pid] => 16211
)

2016-04-26T10:21:29+00:00 DEBUG (7): Array
(
    [0] => us8.api.mailchimp.com
    [__pid] => 16211
)

2016-04-26T10:21:29+00:00 DEBUG (7): Array
(
    [0] => 0a761a2dacbdaf5b6f204faa52e8e43a-us8
    [__pid] => 16211
)

2016-04-26T10:21:29+00:00 DEBUG (7): Array
(
    [0] => lists
    [__pid] => 16211
)

2016-04-26T10:21:29+00:00 DEBUG (7): Array
(
    [__pid] => 16211
)

2016-04-26T10:21:30+00:00 DEBUG (7): Array
(
    [total] => 3
    [data] => Array
        (
            [0] => Array
                (
                    [id] => d328735140
                    [web_id] => 517097
                    [name] => demo6 contact
                    [date_created] => 2014-12-18 08:25:19
                    [email_type_option] => 
                    [use_awesomebar] => 1
                    [default_from_name] => mumuhotel
                    [default_from_email] => levinh@mumu.vn
                    [default_subject] => 
                    [default_language] => en
                    [list_rating] => 0
                    [subscribe_url_short] => http://eepurl.com/bZotr9
                    [subscribe_url_long] => http://mumu.us8.list-manage.com/subscribe?u=d71bbadc643d9ef72f6891110&id=d328735140
                    [beamer_address] => us8-817b26eca6-4d1a85e952@inbound.mailchimp.com
                    [visibility] => pub
                    [stats] => Array
                        (
                            [member_count] => 0
                            [unsubscribe_count] => 0
                            [cleaned_count] => 0
                            [member_count_since_send] => 0
                            [unsubscribe_count_since_send] => 0
                            [cleaned_count_since_send] => 0
                            [campaign_count] => 0
                            [grouping_count] => 0
                            [group_count] => 0
                            [merge_var_count] => 2
                            [avg_sub_rate] => 0
                            [avg_unsub_rate] => 0
                            [target_sub_rate] => 0
                            [open_rate] => 0
                            [click_rate] => 0
                        )

                    [modules] => Array
                        (
                        )

                )

            [1] => Array
                (
                    [id] => c480126a87
                    [web_id] => 494137
                    [name] => 1981
                    [date_created] => 2014-10-09 03:01:37
                    [email_type_option] => 
                    [use_awesomebar] => 1
                    [default_from_name] => MuMu.vn
                    [default_from_email] => mumu@mumu.vn
                    [default_subject] => 
                    [default_language] => en
                    [list_rating] => 0.5
                    [subscribe_url_short] => http://eepurl.com/5ji8z
                    [subscribe_url_long] => http://mumu.us8.list-manage.com/subscribe?u=d71bbadc643d9ef72f6891110&id=c480126a87
                    [beamer_address] => us8-817b26eca6-c240880c7f@inbound.mailchimp.com
                    [visibility] => pub
                    [stats] => Array
                        (
                            [member_count] => 876
                            [unsubscribe_count] => 7
                            [cleaned_count] => 1020
                            [member_count_since_send] => 0
                            [unsubscribe_count_since_send] => 0
                            [cleaned_count_since_send] => 1020
                            [campaign_count] => 1
                            [grouping_count] => 0
                            [group_count] => 0
                            [merge_var_count] => 2
                            [avg_sub_rate] => 0
                            [avg_unsub_rate] => 0
                            [target_sub_rate] => 197
                            [open_rate] => 0.94587493431424
                            [click_rate] => 0.58309037900875
                        )

                    [modules] => Array
                        (
                        )

                )

            [2] => Array
                (
                    [id] => 42b3a0a520
                    [web_id] => 451609
                    [name] => MuMu web đặt phòng, cho thuê phòng
                    [date_created] => 2014-08-01 16:11:40
                    [email_type_option] => 
                    [use_awesomebar] => 1
                    [default_from_name] => MuMu
                    [default_from_email] => mumu@mumu.vn
                    [default_subject] => 
                    [default_language] => en
                    [list_rating] => 0
                    [subscribe_url_short] => http://eepurl.com/0ctvf
                    [subscribe_url_long] => http://TDmart.us8.list-manage.com/subscribe?u=d71bbadc643d9ef72f6891110&id=42b3a0a520
                    [beamer_address] => us8-817b26eca6-cb0b2f291a@inbound.mailchimp.com
                    [visibility] => pub
                    [stats] => Array
                        (
                            [member_count] => 2
                            [unsubscribe_count] => 1
                            [cleaned_count] => 0
                            [member_count_since_send] => 0
                            [unsubscribe_count_since_send] => 1
                            [cleaned_count_since_send] => 0
                            [campaign_count] => 0
                            [grouping_count] => 1
                            [group_count] => 1
                            [merge_var_count] => 2
                            [avg_sub_rate] => 0
                            [avg_unsub_rate] => 0
                            [target_sub_rate] => 0
                            [open_rate] => 100
                            [click_rate] => 25
                        )

                    [modules] => Array
                        (
                        )

                )

        )

    [__pid] => 16211
)

2016-04-26T10:21:31+00:00 DEBUG (7): Array
(
    [0] => us8.api.mailchimp.com
    [__pid] => 16211
)

2016-04-26T10:21:31+00:00 DEBUG (7): Array
(
    [0] => 0a761a2dacbdaf5b6f204faa52e8e43a-us8
    [__pid] => 16211
)

2016-04-26T10:21:31+00:00 DEBUG (7): Array
(
    [0] => getAccountDetails
    [__pid] => 16211
)

2016-04-26T10:21:31+00:00 DEBUG (7): Array
(
    [__pid] => 16211
)

2016-04-26T10:21:32+00:00 DEBUG (7): Array
(
    [user_id] => d71bbadc643d9ef72f6891110
    [username] => MuMu JSC
    [member_since] => 2014-05-19 09:16:33
    [is_approved] => 
    [is_trial] => 
    [has_activated] => 1
    [timezone] => Asia/Bangkok
    [plan_type] => payasyougo
    [emails_left] => 300
    [pending_monthly] => 
    [first_payment] => 2016-04-26 10:08:36
    [last_payment] => 2016-04-26 10:08:36
    [times_logged_in] => 0
    [last_login] => 2016-04-26 10:20:10
    [affiliate_link] => http://www.mailchimp.com/monkey-rewards/?utm_source=freemium_newsletter&utm_medium=email&utm_campaign=monkey_rewards&aid=d71bbadc643d9ef72f6891110&afl=1
    [contact] => Array
        (
            [fname] => Dong
            [lname] => Tran
            [email] => tranquocdong@gmail.com
            [company] => MuMu JSC
            [address1] => D9 BT8 Khu Do Thi Viet Hung
            [address2] => 
            [city] => Hanoi
            [state] => HN
            [zip] => 100000
            [country] => Vietnam
            [url] => http://mumu.vn/
            [phone] => 04 3992 3996
            [fax] => 
        )

    [modules] => Array
        (
            [0] => Array
                (
                    [id] => 8
                    [name] => Google Analytics
                    [added] => 2014-10-09 03:06:18
                    [data] => 
                )

        )

    [orders] => Array
        (
            [0] => Array
                (
                    [order_id] => 3000589
                    [type] => credits
                    [amount] => 9
                    [date] => 2016-04-26 10:08:36
                    [credits_used] => 0
                )

        )

    [rewards] => Array
        (
            [referrals_this_month] => 0
            [notify_on] => 
            [notify_email] => 
            [credits] => Array
                (
                    [this_month] => 0
                    [total_earned] => 0
                    [remaining] => 0
                )

            [inspections] => Array
                (
                    [this_month] => 0
                    [total_earned] => 0
                    [remaining] => 0
                )

            [referrals] => Array
                (
                )

            [applied] => Array
                (
                )

        )

    [__pid] => 16211
)

2016-04-26T10:21:32+00:00 DEBUG (7): Array
(
    [0] => us8.api.mailchimp.com
    [__pid] => 16211
)

2016-04-26T10:21:32+00:00 DEBUG (7): Array
(
    [0] => 0a761a2dacbdaf5b6f204faa52e8e43a-us8
    [__pid] => 16211
)

2016-04-26T10:21:32+00:00 DEBUG (7): Array
(
    [0] => lists
    [__pid] => 16211
)

2016-04-26T10:21:32+00:00 DEBUG (7): Array
(
    [0] => 
    [1] => 
    [2] => 25
    [__pid] => 16211
)

2016-04-26T10:21:32+00:00 DEBUG (7): Array
(
    [total] => 3
    [data] => Array
        (
            [0] => Array
                (
                    [id] => d328735140
                    [web_id] => 517097
                    [name] => demo6 contact
                    [date_created] => 2014-12-18 08:25:19
                    [email_type_option] => 
                    [use_awesomebar] => 1
                    [default_from_name] => mumuhotel
                    [default_from_email] => levinh@mumu.vn
                    [default_subject] => 
                    [default_language] => en
                    [list_rating] => 0
                    [subscribe_url_short] => http://eepurl.com/bZotr9
                    [subscribe_url_long] => http://mumu.us8.list-manage.com/subscribe?u=d71bbadc643d9ef72f6891110&id=d328735140
                    [beamer_address] => us8-817b26eca6-4d1a85e952@inbound.mailchimp.com
                    [visibility] => pub
                    [stats] => Array
                        (
                            [member_count] => 0
                            [unsubscribe_count] => 0
                            [cleaned_count] => 0
                            [member_count_since_send] => 0
                            [unsubscribe_count_since_send] => 0
                            [cleaned_count_since_send] => 0
                            [campaign_count] => 0
                            [grouping_count] => 0
                            [group_count] => 0
                            [merge_var_count] => 2
                            [avg_sub_rate] => 0
                            [avg_unsub_rate] => 0
                            [target_sub_rate] => 0
                            [open_rate] => 0
                            [click_rate] => 0
                        )

                    [modules] => Array
                        (
                        )

                )

            [1] => Array
                (
                    [id] => c480126a87
                    [web_id] => 494137
                    [name] => 1981
                    [date_created] => 2014-10-09 03:01:37
                    [email_type_option] => 
                    [use_awesomebar] => 1
                    [default_from_name] => MuMu.vn
                    [default_from_email] => mumu@mumu.vn
                    [default_subject] => 
                    [default_language] => en
                    [list_rating] => 0.5
                    [subscribe_url_short] => http://eepurl.com/5ji8z
                    [subscribe_url_long] => http://mumu.us8.list-manage.com/subscribe?u=d71bbadc643d9ef72f6891110&id=c480126a87
                    [beamer_address] => us8-817b26eca6-c240880c7f@inbound.mailchimp.com
                    [visibility] => pub
                    [stats] => Array
                        (
                            [member_count] => 876
                            [unsubscribe_count] => 7
                            [cleaned_count] => 1020
                            [member_count_since_send] => 0
                            [unsubscribe_count_since_send] => 0
                            [cleaned_count_since_send] => 1020
                            [campaign_count] => 1
                            [grouping_count] => 0
                            [group_count] => 0
                            [merge_var_count] => 2
                            [avg_sub_rate] => 0
                            [avg_unsub_rate] => 0
                            [target_sub_rate] => 197
                            [open_rate] => 0.94587493431424
                            [click_rate] => 0.58309037900875
                        )

                    [modules] => Array
                        (
                        )

                )

            [2] => Array
                (
                    [id] => 42b3a0a520
                    [web_id] => 451609
                    [name] => MuMu web đặt phòng, cho thuê phòng
                    [date_created] => 2014-08-01 16:11:40
                    [email_type_option] => 
                    [use_awesomebar] => 1
                    [default_from_name] => MuMu
                    [default_from_email] => mumu@mumu.vn
                    [default_subject] => 
                    [default_language] => en
                    [list_rating] => 0
                    [subscribe_url_short] => http://eepurl.com/0ctvf
                    [subscribe_url_long] => http://TDmart.us8.list-manage.com/subscribe?u=d71bbadc643d9ef72f6891110&id=42b3a0a520
                    [beamer_address] => us8-817b26eca6-cb0b2f291a@inbound.mailchimp.com
                    [visibility] => pub
                    [stats] => Array
                        (
                            [member_count] => 2
                            [unsubscribe_count] => 1
                            [cleaned_count] => 0
                            [member_count_since_send] => 0
                            [unsubscribe_count_since_send] => 1
                            [cleaned_count_since_send] => 0
                            [campaign_count] => 0
                            [grouping_count] => 1
                            [group_count] => 1
                            [merge_var_count] => 2
                            [avg_sub_rate] => 0
                            [avg_unsub_rate] => 0
                            [target_sub_rate] => 0
                            [open_rate] => 100
                            [click_rate] => 25
                        )

                    [modules] => Array
                        (
                        )

                )

        )

    [__pid] => 16211
)

2016-04-26T10:21:32+00:00 DEBUG (7): Array
(
    [0] => us8.api.mailchimp.com
    [__pid] => 16211
)

2016-04-26T10:21:32+00:00 DEBUG (7): Array
(
    [0] => 0a761a2dacbdaf5b6f204faa52e8e43a-us8
    [__pid] => 16211
)

2016-04-26T10:21:32+00:00 DEBUG (7): Array
(
    [0] => listInterestGroupings
    [__pid] => 16211
)

2016-04-26T10:21:32+00:00 DEBUG (7): Array
(
    [0] => 
    [__pid] => 16211
)

2016-04-26T10:21:33+00:00 DEBUG (7): Array
(
    [0] => 
    [__pid] => 16211
)

2016-04-26T10:21:33+00:00 DEBUG (7): Array
(
    [0] => Error: You must specify a id value for the listInterestGroupings method, code -90
    [__pid] => 16211
)

2016-04-26T10:21:33+00:00 DEBUG (7): Array
(
    [0] => us8.api.mailchimp.com
    [__pid] => 16211
)

2016-04-26T10:21:33+00:00 DEBUG (7): Array
(
    [0] => 0a761a2dacbdaf5b6f204faa52e8e43a-us8
    [__pid] => 16211
)

2016-04-26T10:21:33+00:00 DEBUG (7): Array
(
    [0] => getAccountDetails
    [__pid] => 16211
)

2016-04-26T10:21:33+00:00 DEBUG (7): Array
(
    [__pid] => 16211
)

2016-04-26T10:21:34+00:00 DEBUG (7): Array
(
    [user_id] => d71bbadc643d9ef72f6891110
    [username] => MuMu JSC
    [member_since] => 2014-05-19 09:16:33
    [is_approved] => 
    [is_trial] => 
    [has_activated] => 1
    [timezone] => Asia/Bangkok
    [plan_type] => payasyougo
    [emails_left] => 300
    [pending_monthly] => 
    [first_payment] => 2016-04-26 10:08:36
    [last_payment] => 2016-04-26 10:08:36
    [times_logged_in] => 0
    [last_login] => 2016-04-26 10:20:10
    [affiliate_link] => http://www.mailchimp.com/monkey-rewards/?utm_source=freemium_newsletter&utm_medium=email&utm_campaign=monkey_rewards&aid=d71bbadc643d9ef72f6891110&afl=1
    [contact] => Array
        (
            [fname] => Dong
            [lname] => Tran
            [email] => tranquocdong@gmail.com
            [company] => MuMu JSC
            [address1] => D9 BT8 Khu Do Thi Viet Hung
            [address2] => 
            [city] => Hanoi
            [state] => HN
            [zip] => 100000
            [country] => Vietnam
            [url] => http://mumu.vn/
            [phone] => 04 3992 3996
            [fax] => 
        )

    [modules] => Array
        (
            [0] => Array
                (
                    [id] => 8
                    [name] => Google Analytics
                    [added] => 2014-10-09 03:06:18
                    [data] => 
                )

        )

    [orders] => Array
        (
            [0] => Array
                (
                    [order_id] => 3000589
                    [type] => credits
                    [amount] => 9
                    [date] => 2016-04-26 10:08:36
                    [credits_used] => 0
                )

        )

    [rewards] => Array
        (
            [referrals_this_month] => 0
            [notify_on] => 
            [notify_email] => 
            [credits] => Array
                (
                    [this_month] => 0
                    [total_earned] => 0
                    [remaining] => 0
                )

            [inspections] => Array
                (
                    [this_month] => 0
                    [total_earned] => 0
                    [remaining] => 0
                )

            [referrals] => Array
                (
                )

            [applied] => Array
                (
                )

        )

    [__pid] => 16211
)

2016-04-26T10:21:34+00:00 DEBUG (7): Array
(
    [0] => us8.api.mailchimp.com
    [__pid] => 16211
)

2016-04-26T10:21:34+00:00 DEBUG (7): Array
(
    [0] => 0a761a2dacbdaf5b6f204faa52e8e43a-us8
    [__pid] => 16211
)

2016-04-26T10:21:34+00:00 DEBUG (7): Array
(
    [0] => ping
    [__pid] => 16211
)

2016-04-26T10:21:34+00:00 DEBUG (7): Array
(
    [__pid] => 16211
)

2016-04-26T10:21:34+00:00 DEBUG (7): Array
(
    [0] => Everything's Chimpy!
    [__pid] => 16211
)

2016-04-26T10:21:35+00:00 DEBUG (7): Array
(
    [0] => us1.api.mailchimp.com
    [__pid] => 29275
)

2016-04-26T10:21:35+00:00 DEBUG (7): Array
(
    [__pid] => 29275
)

2016-04-26T10:21:35+00:00 DEBUG (7): Array
(
    [0] => listInterestGroupings
    [__pid] => 29275
)

2016-04-26T10:21:35+00:00 DEBUG (7): Array
(
    [0] => d328735140
    [__pid] => 29275
)

2016-04-26T10:21:36+00:00 DEBUG (7): Array
(
    [0] => 
    [__pid] => 29275
)

2016-04-26T10:21:36+00:00 DEBUG (7): Array
(
    [0] => Error: You must specify a apikey value for the listInterestGroupings method, code -90
    [__pid] => 29275
)

2016-04-26T10:24:02+00:00 DEBUG (7): Array
(
    [0] => us8.api.mailchimp.com
    [__pid] => 16181
)

2016-04-26T10:24:02+00:00 DEBUG (7): Array
(
    [0] => 0a761a2dacbdaf5b6f204faa52e8e43a-us8
    [__pid] => 16181
)

2016-04-26T10:24:02+00:00 DEBUG (7): Array
(
    [0] => lists
    [__pid] => 16181
)

2016-04-26T10:24:02+00:00 DEBUG (7): Array
(
    [0] => 
    [1] => 
    [2] => 25
    [__pid] => 16181
)

2016-04-26T10:24:03+00:00 DEBUG (7): Array
(
    [total] => 3
    [data] => Array
        (
            [0] => Array
                (
                    [id] => d328735140
                    [web_id] => 517097
                    [name] => demo6 contact
                    [date_created] => 2014-12-18 08:25:19
                    [email_type_option] => 
                    [use_awesomebar] => 1
                    [default_from_name] => mumuhotel
                    [default_from_email] => levinh@mumu.vn
                    [default_subject] => 
                    [default_language] => en
                    [list_rating] => 0
                    [subscribe_url_short] => http://eepurl.com/bZotr9
                    [subscribe_url_long] => http://mumu.us8.list-manage.com/subscribe?u=d71bbadc643d9ef72f6891110&id=d328735140
                    [beamer_address] => us8-817b26eca6-4d1a85e952@inbound.mailchimp.com
                    [visibility] => pub
                    [stats] => Array
                        (
                            [member_count] => 0
                            [unsubscribe_count] => 0
                            [cleaned_count] => 0
                            [member_count_since_send] => 0
                            [unsubscribe_count_since_send] => 0
                            [cleaned_count_since_send] => 0
                            [campaign_count] => 0
                            [grouping_count] => 0
                            [group_count] => 0
                            [merge_var_count] => 2
                            [avg_sub_rate] => 0
                            [avg_unsub_rate] => 0
                            [target_sub_rate] => 0
                            [open_rate] => 0
                            [click_rate] => 0
                        )

                    [modules] => Array
                        (
                        )

                )

            [1] => Array
                (
                    [id] => c480126a87
                    [web_id] => 494137
                    [name] => 1981
                    [date_created] => 2014-10-09 03:01:37
                    [email_type_option] => 
                    [use_awesomebar] => 1
                    [default_from_name] => MuMu.vn
                    [default_from_email] => mumu@mumu.vn
                    [default_subject] => 
                    [default_language] => en
                    [list_rating] => 0.5
                    [subscribe_url_short] => http://eepurl.com/5ji8z
                    [subscribe_url_long] => http://mumu.us8.list-manage.com/subscribe?u=d71bbadc643d9ef72f6891110&id=c480126a87
                    [beamer_address] => us8-817b26eca6-c240880c7f@inbound.mailchimp.com
                    [visibility] => pub
                    [stats] => Array
                        (
                            [member_count] => 876
                            [unsubscribe_count] => 7
                            [cleaned_count] => 1020
                            [member_count_since_send] => 0
                            [unsubscribe_count_since_send] => 0
                            [cleaned_count_since_send] => 1020
                            [campaign_count] => 1
                            [grouping_count] => 0
                            [group_count] => 0
                            [merge_var_count] => 2
                            [avg_sub_rate] => 0
                            [avg_unsub_rate] => 0
                            [target_sub_rate] => 197
                            [open_rate] => 0.94587493431424
                            [click_rate] => 0.58309037900875
                        )

                    [modules] => Array
                        (
                        )

                )

            [2] => Array
                (
                    [id] => 42b3a0a520
                    [web_id] => 451609
                    [name] => MuMu web đặt phòng, cho thuê phòng
                    [date_created] => 2014-08-01 16:11:40
                    [email_type_option] => 
                    [use_awesomebar] => 1
                    [default_from_name] => MuMu
                    [default_from_email] => mumu@mumu.vn
                    [default_subject] => 
                    [default_language] => en
                    [list_rating] => 0
                    [subscribe_url_short] => http://eepurl.com/0ctvf
                    [subscribe_url_long] => http://TDmart.us8.list-manage2.com/subscribe?u=d71bbadc643d9ef72f6891110&id=42b3a0a520
                    [beamer_address] => us8-817b26eca6-cb0b2f291a@inbound.mailchimp.com
                    [visibility] => pub
                    [stats] => Array
                        (
                            [member_count] => 2
                            [unsubscribe_count] => 1
                            [cleaned_count] => 0
                            [member_count_since_send] => 0
                            [unsubscribe_count_since_send] => 1
                            [cleaned_count_since_send] => 0
                            [campaign_count] => 0
                            [grouping_count] => 1
                            [group_count] => 1
                            [merge_var_count] => 2
                            [avg_sub_rate] => 0
                            [avg_unsub_rate] => 0
                            [target_sub_rate] => 0
                            [open_rate] => 100
                            [click_rate] => 25
                        )

                    [modules] => Array
                        (
                        )

                )

        )

    [__pid] => 16181
)

2016-04-26T10:32:38+00:00 DEBUG (7): Array
(
    [0] => us8.api.mailchimp.com
    [__pid] => 16212
)

2016-04-26T10:32:38+00:00 DEBUG (7): Array
(
    [0] => 0a761a2dacbdaf5b6f204faa52e8e43a-us8
    [__pid] => 16212
)

2016-04-26T10:32:38+00:00 DEBUG (7): Array
(
    [0] => lists
    [__pid] => 16212
)

2016-04-26T10:32:38+00:00 DEBUG (7): Array
(
    [0] => 
    [1] => 
    [2] => 25
    [__pid] => 16212
)

2016-04-26T10:32:38+00:00 DEBUG (7): Array
(
    [total] => 3
    [data] => Array
        (
            [0] => Array
                (
                    [id] => d328735140
                    [web_id] => 517097
                    [name] => demo6 contact
                    [date_created] => 2014-12-18 08:25:19
                    [email_type_option] => 
                    [use_awesomebar] => 1
                    [default_from_name] => mumuhotel
                    [default_from_email] => levinh@mumu.vn
                    [default_subject] => 
                    [default_language] => en
                    [list_rating] => 0
                    [subscribe_url_short] => http://eepurl.com/bZotr9
                    [subscribe_url_long] => http://mumu.us8.list-manage1.com/subscribe?u=d71bbadc643d9ef72f6891110&id=d328735140
                    [beamer_address] => us8-817b26eca6-4d1a85e952@inbound.mailchimp.com
                    [visibility] => pub
                    [stats] => Array
                        (
                            [member_count] => 0
                            [unsubscribe_count] => 0
                            [cleaned_count] => 0
                            [member_count_since_send] => 0
                            [unsubscribe_count_since_send] => 0
                            [cleaned_count_since_send] => 0
                            [campaign_count] => 0
                            [grouping_count] => 0
                            [group_count] => 0
                            [merge_var_count] => 2
                            [avg_sub_rate] => 0
                            [avg_unsub_rate] => 0
                            [target_sub_rate] => 0
                            [open_rate] => 0
                            [click_rate] => 0
                        )

                    [modules] => Array
                        (
                        )

                )

            [1] => Array
                (
                    [id] => c480126a87
                    [web_id] => 494137
                    [name] => 1981
                    [date_created] => 2014-10-09 03:01:37
                    [email_type_option] => 
                    [use_awesomebar] => 1
                    [default_from_name] => MuMu.vn
                    [default_from_email] => mumu@mumu.vn
                    [default_subject] => 
                    [default_language] => en
                    [list_rating] => 0.5
                    [subscribe_url_short] => http://eepurl.com/5ji8z
                    [subscribe_url_long] => http://mumu.us8.list-manage1.com/subscribe?u=d71bbadc643d9ef72f6891110&id=c480126a87
                    [beamer_address] => us8-817b26eca6-c240880c7f@inbound.mailchimp.com
                    [visibility] => pub
                    [stats] => Array
                        (
                            [member_count] => 876
                            [unsubscribe_count] => 7
                            [cleaned_count] => 1020
                            [member_count_since_send] => 0
                            [unsubscribe_count_since_send] => 0
                            [cleaned_count_since_send] => 1020
                            [campaign_count] => 1
                            [grouping_count] => 0
                            [group_count] => 0
                            [merge_var_count] => 2
                            [avg_sub_rate] => 0
                            [avg_unsub_rate] => 0
                            [target_sub_rate] => 197
                            [open_rate] => 0.94587493431424
                            [click_rate] => 0.58309037900875
                        )

                    [modules] => Array
                        (
                        )

                )

            [2] => Array
                (
                    [id] => 42b3a0a520
                    [web_id] => 451609
                    [name] => MuMu web đặt phòng, cho thuê phòng
                    [date_created] => 2014-08-01 16:11:40
                    [email_type_option] => 
                    [use_awesomebar] => 1
                    [default_from_name] => MuMu
                    [default_from_email] => mumu@mumu.vn
                    [default_subject] => 
                    [default_language] => en
                    [list_rating] => 0
                    [subscribe_url_short] => http://eepurl.com/0ctvf
                    [subscribe_url_long] => http://TDmart.us8.list-manage.com/subscribe?u=d71bbadc643d9ef72f6891110&id=42b3a0a520
                    [beamer_address] => us8-817b26eca6-cb0b2f291a@inbound.mailchimp.com
                    [visibility] => pub
                    [stats] => Array
                        (
                            [member_count] => 2
                            [unsubscribe_count] => 1
                            [cleaned_count] => 0
                            [member_count_since_send] => 0
                            [unsubscribe_count_since_send] => 1
                            [cleaned_count_since_send] => 0
                            [campaign_count] => 0
                            [grouping_count] => 1
                            [group_count] => 1
                            [merge_var_count] => 2
                            [avg_sub_rate] => 0
                            [avg_unsub_rate] => 0
                            [target_sub_rate] => 0
                            [open_rate] => 100
                            [click_rate] => 25
                        )

                    [modules] => Array
                        (
                        )

                )

        )

    [__pid] => 16212
)

2016-04-26T10:36:19+00:00 DEBUG (7): Array
(
    [0] => us8.api.mailchimp.com
    [__pid] => 30425
)

2016-04-26T10:36:19+00:00 DEBUG (7): Array
(
    [0] => 0a761a2dacbdaf5b6f204faa52e8e43a-us8
    [__pid] => 30425
)

2016-04-26T10:36:19+00:00 DEBUG (7): Array
(
    [0] => listMemberInfo
    [__pid] => 30425
)

2016-04-26T10:36:19+00:00 DEBUG (7): Array
(
    [0] => 
    [1] => tranquocdong@yahoo.com
    [__pid] => 30425
)

2016-04-26T10:36:20+00:00 DEBUG (7): Array
(
    [0] => 
    [__pid] => 30425
)

2016-04-26T10:36:20+00:00 DEBUG (7): Array
(
    [0] => Error: You must specify a id value for the listMemberInfo method, code -90
    [__pid] => 30425
)

2016-04-26T10:36:20+00:00 DEBUG (7): Array
(
    [0] => us8.api.mailchimp.com
    [__pid] => 30425
)

2016-04-26T10:36:20+00:00 DEBUG (7): Array
(
    [0] => 0a761a2dacbdaf5b6f204faa52e8e43a-us8
    [__pid] => 30425
)

2016-04-26T10:36:20+00:00 DEBUG (7): Array
(
    [0] => listMemberInfo
    [__pid] => 30425
)

2016-04-26T10:36:20+00:00 DEBUG (7): Array
(
    [0] => 
    [1] => tranquocdong@yahoo.com
    [__pid] => 30425
)

2016-04-26T10:36:20+00:00 DEBUG (7): Array
(
    [0] => 
    [__pid] => 30425
)

2016-04-26T10:36:20+00:00 DEBUG (7): Array
(
    [0] => Error: You must specify a id value for the listMemberInfo method, code -90
    [__pid] => 30425
)

2016-04-26T10:36:20+00:00 DEBUG (7): Array
(
    [0] => us8.api.mailchimp.com
    [__pid] => 30425
)

2016-04-26T10:36:20+00:00 DEBUG (7): Array
(
    [0] => 0a761a2dacbdaf5b6f204faa52e8e43a-us8
    [__pid] => 30425
)

2016-04-26T10:36:20+00:00 DEBUG (7): Array
(
    [0] => listSubscribe
    [__pid] => 30425
)

2016-04-26T10:36:20+00:00 DEBUG (7): Array
(
    [0] => 
    [1] => tranquocdong@yahoo.com
    [2] => Array
        (
            [FNAME] => Dong
            [LNAME] => Tran
            [STOREID] => 1
            [WEBSITE] => 1
            [STORECRED] => 
            [CGROUP] => General
            [STORECOD] => default
            [GROUPINGS] => Array
                (
                )

        )

    [3] => html
    [4] => 
    [5] => 1
    [__pid] => 30425
)

2016-04-26T10:36:20+00:00 DEBUG (7): Array
(
    [0] => 
    [__pid] => 30425
)

2016-04-26T10:36:20+00:00 DEBUG (7): Array
(
    [0] => Error: You must specify a id value for the listSubscribe method, code -90
    [__pid] => 30425
)

2016-04-26T10:36:47+00:00 DEBUG (7): Array
(
    [0] => us8.api.mailchimp.com
    [__pid] => 30473
)

2016-04-26T10:36:47+00:00 DEBUG (7): Array
(
    [0] => 0a761a2dacbdaf5b6f204faa52e8e43a-us8
    [__pid] => 30473
)

2016-04-26T10:36:47+00:00 DEBUG (7): Array
(
    [0] => listMemberInfo
    [__pid] => 30473
)

2016-04-26T10:36:47+00:00 DEBUG (7): Array
(
    [0] => 
    [1] => tranquocdong@yahoo.com
    [__pid] => 30473
)

2016-04-26T10:36:47+00:00 DEBUG (7): Array
(
    [0] => 
    [__pid] => 30473
)

2016-04-26T10:36:47+00:00 DEBUG (7): Array
(
    [0] => Error: You must specify a id value for the listMemberInfo method, code -90
    [__pid] => 30473
)

2016-04-26T10:36:47+00:00 DEBUG (7): Array
(
    [0] => us8.api.mailchimp.com
    [__pid] => 30473
)

2016-04-26T10:36:47+00:00 DEBUG (7): Array
(
    [0] => 0a761a2dacbdaf5b6f204faa52e8e43a-us8
    [__pid] => 30473
)

2016-04-26T10:36:47+00:00 DEBUG (7): Array
(
    [0] => listSubscribe
    [__pid] => 30473
)

2016-04-26T10:36:47+00:00 DEBUG (7): Array
(
    [0] => 
    [1] => tranquocdong@yahoo.com
    [2] => Array
        (
            [FNAME] => Dong
            [LNAME] => Tran
            [STOREID] => 1
            [WEBSITE] => 1
            [STORECRED] => 
            [CGROUP] => General
            [STORECOD] => default
            [GROUPINGS] => Array
                (
                )

        )

    [3] => html
    [4] => 
    [5] => 1
    [__pid] => 30473
)

2016-04-26T10:36:48+00:00 DEBUG (7): Array
(
    [0] => 
    [__pid] => 30473
)

2016-04-26T10:36:48+00:00 DEBUG (7): Array
(
    [0] => Error: You must specify a id value for the listSubscribe method, code -90
    [__pid] => 30473
)

2016-04-26T10:53:33+00:00 DEBUG (7): Array
(
    [0] => us8.api.mailchimp.com
    [__pid] => 16212
)

2016-04-26T10:53:33+00:00 DEBUG (7): Array
(
    [0] => 0a761a2dacbdaf5b6f204faa52e8e43a-us8
    [__pid] => 16212
)

2016-04-26T10:53:33+00:00 DEBUG (7): Array
(
    [0] => listsForEmail
    [__pid] => 16212
)

2016-04-26T10:53:33+00:00 DEBUG (7): Array
(
    [0] => tranquocdong@yahoo.com
    [__pid] => 16212
)

2016-04-26T10:53:33+00:00 DEBUG (7): Array
(
    [0] => 
    [__pid] => 16212
)

2016-04-26T10:53:33+00:00 DEBUG (7): Array
(
    [0] => Error: There is no record of the email address "tranquocdong@yahoo.com" in your account, code 232
    [__pid] => 16212
)

2016-04-26T10:53:57+00:00 DEBUG (7): Array
(
    [0] => us8.api.mailchimp.com
    [__pid] => 30956
)

2016-04-26T10:53:57+00:00 DEBUG (7): Array
(
    [0] => 0a761a2dacbdaf5b6f204faa52e8e43a-us8
    [__pid] => 30956
)

2016-04-26T10:53:57+00:00 DEBUG (7): Array
(
    [0] => listsForEmail
    [__pid] => 30956
)

2016-04-26T10:53:57+00:00 DEBUG (7): Array
(
    [0] => tranquocdong@yahoo.com
    [__pid] => 30956
)

2016-04-26T10:53:57+00:00 DEBUG (7): Array
(
    [0] => 
    [__pid] => 30956
)

2016-04-26T10:53:57+00:00 DEBUG (7): Array
(
    [0] => Error: There is no record of the email address "tranquocdong@yahoo.com" in your account, code 232
    [__pid] => 30956
)

2016-04-26T10:56:04+00:00 DEBUG (7): Array
(
    [0] => us8.api.mailchimp.com
    [__pid] => 16212
)

2016-04-26T10:56:04+00:00 DEBUG (7): Array
(
    [0] => 0a761a2dacbdaf5b6f204faa52e8e43a-us8
    [__pid] => 16212
)

2016-04-26T10:56:04+00:00 DEBUG (7): Array
(
    [0] => listMemberInfo
    [__pid] => 16212
)

2016-04-26T10:56:04+00:00 DEBUG (7): Array
(
    [0] => 
    [1] => tranquocdong@yahoo.com
    [__pid] => 16212
)

2016-04-26T10:56:05+00:00 DEBUG (7): Array
(
    [0] => 
    [__pid] => 16212
)

2016-04-26T10:56:05+00:00 DEBUG (7): Array
(
    [0] => Error: You must specify a id value for the listMemberInfo method, code -90
    [__pid] => 16212
)

